[debug] [2020-01-21T03:34:53.809Z] ----------------------------------------------------------------------
[debug] [2020-01-21T03:34:53.812Z] Command:       C:\Program Files\nodejs\node.exe C:\Users\erika.torio\AppData\Roaming\npm\node_modules\firebase-tools\lib\bin\firebase.js serve
[debug] [2020-01-21T03:34:53.812Z] CLI Version:   7.11.0
[debug] [2020-01-21T03:34:53.812Z] Platform:      win32
[debug] [2020-01-21T03:34:53.812Z] Node Version:  v12.14.0
[debug] [2020-01-21T03:34:53.821Z] Time:          Tue Jan 21 2020 11:34:53 GMT+0800 (GMT+08:00)
[debug] [2020-01-21T03:34:53.821Z] ----------------------------------------------------------------------
[debug] [2020-01-21T03:34:53.821Z] 
[debug] [2020-01-21T03:34:53.875Z] > command requires scopes: ["email","openid","https://www.googleapis.com/auth/cloudplatformprojects.readonly","https://www.googleapis.com/auth/firebase","https://www.googleapis.com/auth/cloud-platform"]
[debug] [2020-01-21T03:34:53.881Z] > authorizing via signed-in user
[debug] [2020-01-21T03:34:53.881Z] [iam] checking project sakura-test-ea29e for permissions ["firebase.projects.get"]
[debug] [2020-01-21T03:34:53.886Z] >>> HTTP REQUEST POST https://cloudresourcemanager.googleapis.com/v1/projects/sakura-test-ea29e:testIamPermissions  

[debug] [2020-01-21T03:34:55.633Z] <<< HTTP RESPONSE 200
[debug] [2020-01-21T03:34:55.637Z] >>> HTTP REQUEST GET https://firebase.googleapis.com/v1beta1/projects/sakura-test-ea29e  
 
[debug] [2020-01-21T03:34:56.332Z] <<< HTTP RESPONSE 200
[info] 
[info] === Serving from 'C:\Users\erika.torio\Documents\sakura_project'...
[info] 
[debug] [2020-01-21T03:34:56.336Z] >>> HTTP REQUEST GET https://firebase.googleapis.com/v1beta1/projects/sakura-test-ea29e/webApps/-/config  
 
[debug] [2020-01-21T03:34:57.312Z] <<< HTTP RESPONSE 200
[info] i  hosting: Serving hosting files from: public
[info] +  hosting: Local server: http://localhost:5000
